0 info it worked if it ends with ok
1 verbose cli [ 'C:\\Program Files\\nodejs\\node.exe',
1 verbose cli   'C:\\Program Files\\nodejs\\node_modules\\npm\\bin\\npm-cli.js',
1 verbose cli   'run',
1 verbose cli   'devstart' ]
2 info using npm@1.4.28
3 info using node@v0.10.36
4 verbose run-script [ 'predevstart', 'devstart', 'postdevstart' ]
5 info predevstart queuemanager@0.0.0
6 info devstart queuemanager@0.0.0
7 verbose unsafe-perm in lifecycle true
8 info queuemanager@0.0.0 Failed to exec devstart script
9 error queuemanager@0.0.0 devstart: `nodemon ./bin/www`
9 error Exit status 8
10 error Failed at the queuemanager@0.0.0 devstart script.
10 error This is most likely a problem with the queuemanager package,
10 error not with npm itself.
10 error Tell the author that this fails on your system:
10 error     nodemon ./bin/www
10 error You can get their info via:
10 error     npm owner ls queuemanager
10 error There is likely additional logging output above.
11 error System Windows_NT 6.1.7601
12 error command "C:\\Program Files\\nodejs\\node.exe" "C:\\Program Files\\nodejs\\node_modules\\npm\\bin\\npm-cli.js" "run" "devstart"
13 error cwd D:\SoundStudio\ftp_site\SimonHoot\queuemanager\queuemanager
14 error node -v v0.10.36
15 error npm -v 1.4.28
16 error code ELIFECYCLE
17 verbose exit [ 1, true ]
